{
  "RSpec": {
    "coverage": {
      "/Users/crowrising/Turing/3Mod/TakeTwo/Projects/Lunch_and_Learn/app/controllers/api/v1/recipes_controller.rb": {
        "lines": [
          1,
          1,
          3,
          3,
          3,
          null,
          null
        ]
      },
      "/Users/crowrising/Turing/3Mod/TakeTwo/Projects/Lunch_and_Learn/app/controllers/application_controller.rb": {
        "lines": [
          null,
          null,
          1,
          null
        ]
      },
      "/Users/crowrising/Turing/3Mod/TakeTwo/Projects/Lunch_and_Learn/app/facades/country_facade.rb": {
        "lines": [
          null,
          null,
          1,
          1,
          3,
          251,
          1,
          null,
          2,
          null,
          null,
          null
        ]
      },
      "/Users/crowrising/Turing/3Mod/TakeTwo/Projects/Lunch_and_Learn/app/services/country_service.rb": {
        "lines": [
          null,
          null,
          1,
          1,
          1,
          null,
          null,
          null,
          1,
          1,
          1,
          null,
          null,
          1,
          1,
          null,
          null,
          1,
          0,
          null,
          null,
          1,
          0,
          null,
          null
        ]
      },
      "/Users/crowrising/Turing/3Mod/TakeTwo/Projects/Lunch_and_Learn/app/facades/recipe_facade.rb": {
        "lines": [
          1,
          1,
          3,
          null,
          3,
          1,
          null,
          2,
          40,
          null,
          null,
          null,
          null
        ]
      },
      "/Users/crowrising/Turing/3Mod/TakeTwo/Projects/Lunch_and_Learn/app/services/recipe_service.rb": {
        "lines": [
          null,
          null,
          1,
          1,
          3,
          3,
          3,
          3,
          3,
          null,
          null,
          null,
          1,
          3,
          3,
          null,
          null
        ]
      },
      "/Users/crowrising/Turing/3Mod/TakeTwo/Projects/Lunch_and_Learn/app/poros/recipe.rb": {
        "lines": [
          1,
          1,
          null,
          1,
          40,
          40,
          40,
          40,
          40,
          null,
          null
        ]
      },
      "/Users/crowrising/Turing/3Mod/TakeTwo/Projects/Lunch_and_Learn/app/serializers/recipe_serializer.rb": {
        "lines": [
          1,
          1,
          1,
          null
        ]
      },
      "/Users/crowrising/Turing/3Mod/TakeTwo/Projects/Lunch_and_Learn/app/channels/application_cable/channel.rb": {
        "lines": [
          null,
          null,
          0,
          0,
          0,
          0
        ],
        "branches": {
        }
      },
      "/Users/crowrising/Turing/3Mod/TakeTwo/Projects/Lunch_and_Learn/app/channels/application_cable/connection.rb": {
        "lines": [
          null,
          null,
          0,
          0,
          0,
          0
        ],
        "branches": {
        }
      },
      "/Users/crowrising/Turing/3Mod/TakeTwo/Projects/Lunch_and_Learn/app/controllers/api/v1/learning_resources_controller.rb": {
        "lines": [
          0,
          0,
          0,
          0,
          0,
          0,
          0,
          0,
          null,
          0,
          0,
          0
        ],
        "branches": {
        }
      },
      "/Users/crowrising/Turing/3Mod/TakeTwo/Projects/Lunch_and_Learn/app/facades/photo_facade.rb": {
        "lines": [
          0,
          null,
          0,
          0,
          0,
          0,
          0,
          0,
          0
        ],
        "branches": {
        }
      },
      "/Users/crowrising/Turing/3Mod/TakeTwo/Projects/Lunch_and_Learn/app/facades/video_facade.rb": {
        "lines": [
          0,
          0,
          0,
          null,
          0,
          0,
          0,
          0,
          0
        ],
        "branches": {
        }
      },
      "/Users/crowrising/Turing/3Mod/TakeTwo/Projects/Lunch_and_Learn/app/jobs/application_job.rb": {
        "lines": [
          null,
          null,
          0,
          null,
          null,
          null,
          null,
          null,
          0
        ],
        "branches": {
        }
      },
      "/Users/crowrising/Turing/3Mod/TakeTwo/Projects/Lunch_and_Learn/app/mailers/application_mailer.rb": {
        "lines": [
          null,
          null,
          0,
          0,
          0,
          0
        ],
        "branches": {
        }
      },
      "/Users/crowrising/Turing/3Mod/TakeTwo/Projects/Lunch_and_Learn/app/models/application_record.rb": {
        "lines": [
          null,
          null,
          0,
          0,
          0
        ],
        "branches": {
        }
      },
      "/Users/crowrising/Turing/3Mod/TakeTwo/Projects/Lunch_and_Learn/app/poros/photo.rb": {
        "lines": [
          0,
          0,
          null,
          0,
          0,
          0,
          0,
          0,
          0
        ],
        "branches": {
        }
      },
      "/Users/crowrising/Turing/3Mod/TakeTwo/Projects/Lunch_and_Learn/app/poros/video.rb": {
        "lines": [
          0,
          0,
          null,
          0,
          0,
          0,
          0,
          0
        ],
        "branches": {
        }
      },
      "/Users/crowrising/Turing/3Mod/TakeTwo/Projects/Lunch_and_Learn/app/serializers/learning_resource_serializer.rb": {
        "lines": [
          0,
          0,
          0,
          0,
          0,
          0,
          0,
          0,
          0,
          0,
          0,
          0,
          0,
          0,
          0,
          0,
          0,
          0,
          0,
          0,
          0,
          0,
          null,
          0,
          0,
          0,
          0,
          0,
          0,
          0,
          0,
          0,
          0,
          0,
          0,
          0,
          0
        ],
        "branches": {
        }
      },
      "/Users/crowrising/Turing/3Mod/TakeTwo/Projects/Lunch_and_Learn/app/services/photo_service.rb": {
        "lines": [
          0,
          0,
          0,
          0,
          0,
          0,
          0,
          0,
          null,
          0,
          0,
          0,
          0,
          0,
          0,
          0,
          0
        ],
        "branches": {
        }
      },
      "/Users/crowrising/Turing/3Mod/TakeTwo/Projects/Lunch_and_Learn/app/services/video_service.rb": {
        "lines": [
          0,
          0,
          0,
          0,
          0,
          0,
          0,
          0,
          0,
          0,
          0,
          null,
          0,
          0,
          0,
          0,
          0,
          0
        ],
        "branches": {
        }
      }
    },
    "timestamp": 1691447426
  }
}
