{
  "RSpec": {
    "coverage": {
      "/Users/crowrising/Turing/3Mod/TakeTwo/Projects/Lunch_and_Learn/app/services/country_service.rb": {
        "lines": [
          1,
          null,
          1,
          2,
          null,
          null,
          null,
          1,
          2,
          2,
          null,
          null,
          1,
          1,
          null,
          null,
          1,
          1,
          null,
          null
        ]
      },
      "/Users/crowrising/Turing/3Mod/TakeTwo/Projects/Lunch_and_Learn/app/channels/application_cable/channel.rb": {
        "lines": [
          0,
          0,
          0,
          0
        ],
        "branches": {
        }
      },
      "/Users/crowrising/Turing/3Mod/TakeTwo/Projects/Lunch_and_Learn/app/channels/application_cable/connection.rb": {
        "lines": [
          0,
          0,
          0,
          0
        ],
        "branches": {
        }
      },
      "/Users/crowrising/Turing/3Mod/TakeTwo/Projects/Lunch_and_Learn/app/controllers/application_controller.rb": {
        "lines": [
          0,
          0
        ],
        "branches": {
        }
      },
      "/Users/crowrising/Turing/3Mod/TakeTwo/Projects/Lunch_and_Learn/app/jobs/application_job.rb": {
        "lines": [
          0,
          null,
          null,
          null,
          null,
          null,
          0
        ],
        "branches": {
        }
      },
      "/Users/crowrising/Turing/3Mod/TakeTwo/Projects/Lunch_and_Learn/app/mailers/application_mailer.rb": {
        "lines": [
          0,
          0,
          0,
          0
        ],
        "branches": {
        }
      },
      "/Users/crowrising/Turing/3Mod/TakeTwo/Projects/Lunch_and_Learn/app/models/application_record.rb": {
        "lines": [
          0,
          0,
          0
        ],
        "branches": {
        }
      },
      "/Users/crowrising/Turing/3Mod/TakeTwo/Projects/Lunch_and_Learn/app/services/recipe_service.rb": {
        "lines": [
          0,
          0,
          0,
          0,
          0,
          0,
          0,
          null,
          0,
          0,
          0,
          0,
          0
        ],
        "branches": {
        }
      }
    },
    "timestamp": 1691352245
  }
}
